2019-12-12 11:30 INFO  - LoginMenu opened
2019-12-12 11:30 INFO  - User dima logged in
2019-12-12 11:30 INFO  - MainMenu opened
2019-12-12 11:30 INFO  - User dima read all contacts
2019-12-12 11:31 INFO  - dimas contact oleg eolgov +375297646743 2019-12-11 deleted
2019-12-12 11:31 INFO  - User dima logged off
2019-12-12 11:31 INFO  - LoginMenu opened
2019-12-12 11:31 INFO  - Admin logged in
2019-12-12 11:31 INFO  - AdminMenu opened
2019-12-12 11:31 INFO  - Admin read all users
2019-12-12 11:31 INFO  - Admin logged off
2019-12-12 11:31 INFO  - LoginMenu opened
2019-12-12 11:31 INFO  - New user ana created
2019-12-12 11:31 INFO  - User ana created and logged in
2019-12-12 11:31 INFO  - MainMenu opened
2019-12-12 12:03 INFO  - LoginMenu opened
2019-12-12 12:03 INFO  - LoginMenu opened
2019-12-12 12:22 INFO  - LoginMenu opened
2019-12-12 12:22 INFO  - New user anna created
2019-12-12 12:22 INFO  - User anna created and logged in
2019-12-12 12:22 INFO  - MainMenu opened
2019-12-12 12:23 INFO  - User anna read all contacts
2019-12-12 12:23 INFO  - User anna read all contacts
2019-12-12 12:24 INFO  - LoginMenu opened
2019-12-12 12:24 INFO  - User dima logged in
2019-12-12 12:24 INFO  - MainMenu opened
2019-12-12 12:26 INFO  - LoginMenu opened
2019-12-12 12:26 INFO  - User dima logged in
2019-12-12 12:26 INFO  - MainMenu opened
2019-12-12 12:28 INFO  - User dima logged off
2019-12-12 12:28 INFO  - LoginMenu opened
2019-12-12 12:28 INFO  - Admin logged in
2019-12-12 12:28 INFO  - AdminMenu opened
2019-12-12 12:28 INFO  - Admin read all users
2019-12-12 12:29 INFO  - LoginMenu opened
2019-12-12 12:29 INFO  - Admin logged in
2019-12-12 12:29 INFO  - AdminMenu opened
2019-12-12 12:32 INFO  - LoginMenu opened
2019-12-12 12:32 INFO  - Admin logged in
2019-12-12 12:32 INFO  - AdminMenu opened
2019-12-12 12:33 INFO  - LoginMenu opened
2019-12-12 12:33 INFO  - Admin logged in
2019-12-12 12:33 INFO  - AdminMenu opened
2019-12-12 12:33 INFO  - Admin read user dima
2019-12-12 12:34 INFO  - LoginMenu opened
2019-12-12 12:34 INFO  - Admin logged in
2019-12-12 12:34 INFO  - AdminMenu opened
2019-12-12 12:35 INFO  - LoginMenu opened
2019-12-12 12:35 INFO  - Admin logged in
2019-12-12 12:35 INFO  - AdminMenu opened
2019-12-12 12:36 INFO  - Admin read user dima
2019-12-12 12:36 INFO  - New user anna created
2019-12-12 12:36 INFO  - Admin created new useranna
2019-12-12 12:37 INFO  - Admin updated matveyeva.phonebook.entity.User@5a19961
2019-12-12 12:37 INFO  - Admin read all users
2019-12-12 12:37 INFO  - Admin deleted user anna
2019-12-12 12:37 INFO  - Admin read all users
2019-12-12 12:37 INFO  - Admin logged off
2019-12-12 12:37 INFO  - LoginMenu opened
2019-12-12 12:38 INFO  - New user anna created
2019-12-12 12:38 INFO  - User anna created and logged in
2019-12-12 12:38 INFO  - MainMenu opened
2019-12-12 12:38 INFO  - User anna logged off
2019-12-12 12:38 INFO  - LoginMenu opened
2019-12-12 12:38 INFO  - User dima logged in
2019-12-12 12:38 INFO  - MainMenu opened
2019-12-12 12:39 INFO  - User dima created new contact
2019-12-12 12:39 INFO  - User dima read all contacts
2019-12-12 12:39 INFO  - User dima created new contact
2019-12-12 12:39 INFO  - User dima read all contacts
2019-12-12 12:40 INFO  - dimas contact oleg rabota +375297658976 2019-12-12 deleted
2019-12-12 12:40 INFO  - User dima read all contacts
2019-12-12 12:40 INFO  - User dima logged off
2019-12-12 12:40 INFO  - LoginMenu opened
2019-12-12 12:40 INFO  - Application closed
2019-12-12 12:40 INFO  - LoginMenu opened
2019-12-12 12:40 INFO  - User dima logged in
2019-12-12 12:40 INFO  - MainMenu opened
2019-12-12 12:40 INFO  - User dima read all contacts
2019-12-12 12:41 INFO  - User dima logged off
2019-12-12 12:41 INFO  - LoginMenu opened
2019-12-12 12:41 INFO  - Admin logged in
2019-12-12 12:41 INFO  - AdminMenu opened
2019-12-12 12:41 INFO  - New user ana created
2019-12-12 12:41 INFO  - Admin created new userana
2019-12-12 12:41 INFO  - Admin deleted user ana
2019-12-12 12:41 INFO  - Admin logged off
2019-12-12 12:41 INFO  - LoginMenu opened
2019-12-12 12:41 INFO  - LoginMenu opened
2019-12-12 12:42 INFO  - Admin logged in
2019-12-12 12:42 INFO  - AdminMenu opened
2019-12-12 12:42 INFO  - Admin read all users
2019-12-12 12:42 INFO  - Admin deleted user anna
2019-12-12 12:42 INFO  - Admin read all users
2019-12-12 12:42 INFO  - Admin logged off
2019-12-12 12:42 INFO  - LoginMenu opened
2019-12-12 12:42 INFO  - Application closed
